#
# There is insufficient memory for the Java Runtime Environment to continue.
# Native memory allocation (mmap) failed to map 82837504 bytes for committing reserved memory.
# Possible reasons:
#   The system is out of physical RAM or swap space
#   In 32 bit mode, the process size limit was hit
# Possible solutions:
#   Reduce memory load on the system
#   Increase physical memory or swap space
#   Check if swap backing store is full
#   Use 64 bit Java on a 64 bit OS
#   Decrease Java heap size (-Xmx/-Xms)
#   Decrease number of Java threads
#   Decrease Java thread stack sizes (-Xss)
#   Set larger code cache with -XX:ReservedCodeCacheSize=
# This output file may be truncated or incomplete.
#
#  Out of Memory Error (os_linux.cpp:2627), pid=10619, tid=0x00007fa1ecbab700
#
# JRE version: Java(TM) SE Runtime Environment (8.0_111-b14) (build 1.8.0_111-b14)
# Java VM: Java HotSpot(TM) 64-Bit Server VM (25.111-b14 mixed mode linux-amd64 compressed oops)
# Failed to write core dump. Core dumps have been disabled. To enable core dumping, try "ulimit -c unlimited" before starting Java again
#

---------------  T H R E A D  ---------------

Current thread (0x00007fa200073800):  VMThread [stack: 0x00007fa1ecaab000,0x00007fa1ecbac000] [id=10627]

Stack: [0x00007fa1ecaab000,0x00007fa1ecbac000],  sp=0x00007fa1ecbaa2a0,  free space=1020k
Native frames: (J=compiled Java code, j=interpreted, Vv=VM code, C=native code)
V  [libjvm.so+0xac5c2a]  VMError::report_and_die()+0x2ba
V  [libjvm.so+0x4fc50b]  report_vm_out_of_memory(char const*, int, unsigned long, VMErrorType, char const*)+0x8b
V  [libjvm.so+0x922ae3]  os::Linux::commit_memory_impl(char*, unsigned long, bool)+0x103
V  [libjvm.so+0x923039]  os::pd_commit_memory(char*, unsigned long, unsigned long, bool)+0x29
V  [libjvm.so+0x91d33a]  os::commit_memory(char*, unsigned long, unsigned long, bool)+0x2a
V  [libjvm.so+0x991ac3]  PSVirtualSpace::expand_by(unsigned long)+0x53
V  [libjvm.so+0x992ec8]  PSYoungGen::resize_generation(unsigned long, unsigned long)+0xf8
V  [libjvm.so+0x992022]  PSYoungGen::resize(unsigned long, unsigned long)+0x22
V  [libjvm.so+0x98f2fb]  PSScavenge::invoke_no_policy()+0xf3b
V  [libjvm.so+0x98fa81]  PSScavenge::invoke()+0x41
V  [libjvm.so+0x9467d0]  ParallelScavengeHeap::failed_mem_allocate(unsigned long)+0x70
V  [libjvm.so+0xac7647]  VM_ParallelGCFailedAllocation::doit()+0x97
V  [libjvm.so+0xacf125]  VM_Operation::evaluate()+0x55
V  [libjvm.so+0xacd4fa]  VMThread::evaluate_operation(VM_Operation*)+0xba
V  [libjvm.so+0xacd87e]  VMThread::loop()+0x1ce
V  [libjvm.so+0xacdcf0]  VMThread::run()+0x70
V  [libjvm.so+0x924ea8]  java_start(Thread*)+0x108

VM_Operation (0x00007fa206a18460): ParallelGCFailedAllocation, mode: safepoint, requested by thread 0x00007fa20000a000


---------------  P R O C E S S  ---------------

Java Threads: ( => current thread )
  0x00007fa200143800 JavaThread "pool-2-thread-4" [_thread_blocked, id=10642, stack(0x00007fa1cf9fa000,0x00007fa1cfafb000)]
  0x00007fa200142800 JavaThread "pool-2-thread-3" [_thread_blocked, id=10641, stack(0x00007fa1cfafb000,0x00007fa1cfbfc000)]
  0x00007fa200140800 JavaThread "pool-2-thread-2" [_thread_blocked, id=10640, stack(0x00007fa1cfbfc000,0x00007fa1cfcfd000)]
  0x00007fa20013c800 JavaThread "pool-3-thread-1" [_thread_blocked, id=10637, stack(0x00007fa1cfcfd000,0x00007fa1cfdfe000)]
  0x00007fa200137800 JavaThread "pool-2-thread-1" [_thread_blocked, id=10636, stack(0x00007fa1cfdfe000,0x00007fa1cfeff000)]
  0x00007fa2000cc000 JavaThread "Service Thread" daemon [_thread_blocked, id=10634, stack(0x00007fa1ec055000,0x00007fa1ec156000)]
  0x00007fa2000b7800 JavaThread "C1 CompilerThread1" daemon [_thread_blocked, id=10633, stack(0x00007fa1ec156000,0x00007fa1ec257000)]
  0x00007fa2000b4800 JavaThread "C2 CompilerThread0" daemon [_thread_blocked, id=10632, stack(0x00007fa1ec257000,0x00007fa1ec358000)]
  0x00007fa2000b3000 JavaThread "Signal Dispatcher" daemon [_thread_blocked, id=10631, stack(0x00007fa1ec358000,0x00007fa1ec459000)]
  0x00007fa200080000 JavaThread "Finalizer" daemon [_thread_blocked, id=10629, stack(0x00007fa1ec8a9000,0x00007fa1ec9aa000)]
  0x00007fa20007b800 JavaThread "Reference Handler" daemon [_thread_blocked, id=10628, stack(0x00007fa1ec9aa000,0x00007fa1ecaab000)]
  0x00007fa20000a000 JavaThread "main" [_thread_blocked, id=10621, stack(0x00007fa20691a000,0x00007fa206a1b000)]

Other Threads:
=>0x00007fa200073800 VMThread [stack: 0x00007fa1ecaab000,0x00007fa1ecbac000] [id=10627]
  0x00007fa2000cf000 WatcherThread [stack: 0x00007fa1cfeff000,0x00007fa1d0000000] [id=10635]

VM state:at safepoint (normal execution)

VM Mutex/Monitor currently owned by a thread:  ([mutex/lock_event])
[0x00007fa200006550] Threads_lock - owner thread: 0x00007fa200073800
[0x00007fa200006a50] Heap_lock - owner thread: 0x00007fa20000a000

Heap:
 PSYoungGen      total 64000K, used 2553K [0x00000000eab00000, 0x00000000eec00000, 0x0000000100000000)
  eden space 61440K, 0% used [0x00000000eab00000,0x00000000eab00000,0x00000000ee700000)
  from space 2560K, 99% used [0x00000000ee700000,0x00000000ee97e620,0x00000000ee980000)
  to   space 2560K, 0% used [0x00000000ee980000,0x00000000ee980000,0x00000000eec00000)
 ParOldGen       total 40960K, used 21974K [0x00000000c0000000, 0x00000000c2800000, 0x00000000eab00000)
  object space 40960K, 53% used [0x00000000c0000000,0x00000000c1575b38,0x00000000c2800000)
 Metaspace       used 6006K, capacity 6936K, committed 7168K, reserved 1056768K
  class space    used 618K, capacity 656K, committed 768K, reserved 1048576K

Card table byte_map: [0x00007fa1f0406000,0x00007fa1f0607000] byte_map_base: 0x00007fa1efe06000

Marking Bits: (ParMarkBitMap*) 0x00007fa205df1220
 Begin Bits: [0x00007fa1ee0ae000, 0x00007fa1ef0ae000)
 End Bits:   [0x00007fa1ef0ae000, 0x00007fa1f00ae000)

Polling page: 0x00007fa206a40000

CodeCache: size=245760Kb used=4519Kb max_used=4519Kb free=241240Kb
 bounds [0x00007fa1f09c7000, 0x00007fa1f0e37000, 0x00007fa1ff9c7000]
 total_blobs=1424 nmethods=1163 adapters=176
 compilation: enabled

Compilation events (10 events):
Event: 9,058 Thread 0x00007fa2000b7800 nmethod 1454 0x00007fa1f0e23a10 code [0x00007fa1f0e23be0, 0x00007fa1f0e24118]
Event: 9,058 Thread 0x00007fa2000b7800 1453       2       com.android.dx.ssa.DomFront::run (264 bytes)
Event: 9,119 Thread 0x00007fa2000b7800 nmethod 1453 0x00007fa1f0e24750 code [0x00007fa1f0e24ae0, 0x00007fa1f0e260a8]
Event: 9,119 Thread 0x00007fa2000b7800 1461       3       com.android.dx.cf.code.RopperMachine::getSources (264 bytes)
Event: 9,188 Thread 0x00007fa2000b7800 nmethod 1461 0x00007fa1f0e27410 code [0x00007fa1f0e27a00, 0x00007fa1f0e2c298]
Event: 9,188 Thread 0x00007fa2000b7800 1463 %     3       com.android.dx.ssa.PhiInsn::getSources @ 48 (95 bytes)
Event: 9,204 Thread 0x00007fa2000b7800 nmethod 1463% 0x00007fa1f0e2f590 code [0x00007fa1f0e2f800, 0x00007fa1f0e30878]
Event: 9,204 Thread 0x00007fa2000b7800 1471       3       com.android.dx.cf.code.BaseMachine::storeResults (90 bytes)
Event: 9,208 Thread 0x00007fa2000b7800 nmethod 1471 0x00007fa1f0e31450 code [0x00007fa1f0e31660, 0x00007fa1f0e32108]
Event: 9,208 Thread 0x00007fa2000b7800 1459 %     3       com.android.dx.ssa.SsaConverter::placePhiFunctions @ 131 (394 bytes)

GC Heap History (9 events):
Event: 3,428 GC heap before
{Heap before GC invocations=1 (full 0):
 PSYoungGen      total 17920K, used 15360K [0x00000000eab00000, 0x00000000ebf00000, 0x0000000100000000)
  eden space 15360K, 100% used [0x00000000eab00000,0x00000000eba00000,0x00000000eba00000)
  from space 2560K, 0% used [0x00000000ebc80000,0x00000000ebc80000,0x00000000ebf00000)
  to   space 2560K, 0% used [0x00000000eba00000,0x00000000eba00000,0x00000000ebc80000)
 ParOldGen       total 40960K, used 0K [0x00000000c0000000, 0x00000000c2800000, 0x00000000eab00000)
  object space 40960K, 0% used [0x00000000c0000000,0x00000000c0000000,0x00000000c2800000)
 Metaspace       used 5546K, capacity 6576K, committed 6784K, reserved 1056768K
  class space    used 589K, capacity 616K, committed 640K, reserved 1048576K
Event: 3,475 GC heap after
Heap after GC invocations=1 (full 0):
 PSYoungGen      total 17920K, used 2535K [0x00000000eab00000, 0x00000000ece00000, 0x0000000100000000)
  eden space 15360K, 0% used [0x00000000eab00000,0x00000000eab00000,0x00000000eba00000)
  from space 2560K, 99% used [0x00000000eba00000,0x00000000ebc79c88,0x00000000ebc80000)
  to   space 2560K, 0% used [0x00000000ecb80000,0x00000000ecb80000,0x00000000ece00000)
 ParOldGen       total 40960K, used 1350K [0x00000000c0000000, 0x00000000c2800000, 0x00000000eab00000)
  object space 40960K, 3% used [0x00000000c0000000,0x00000000c0151ba8,0x00000000c2800000)
 Metaspace       used 5546K, capacity 6576K, committed 6784K, reserved 1056768K
  class space    used 589K, capacity 616K, committed 640K, reserved 1048576K
}
Event: 4,721 GC heap before
{Heap before GC invocations=2 (full 0):
 PSYoungGen      total 17920K, used 17895K [0x00000000eab00000, 0x00000000ece00000, 0x0000000100000000)
  eden space 15360K, 100% used [0x00000000eab00000,0x00000000eba00000,0x00000000eba00000)
  from space 2560K, 99% used [0x00000000eba00000,0x00000000ebc79c88,0x00000000ebc80000)
  to   space 2560K, 0% used [0x00000000ecb80000,0x00000000ecb80000,0x00000000ece00000)
 ParOldGen       total 40960K, used 1350K [0x00000000c0000000, 0x00000000c2800000, 0x00000000eab00000)
  object space 40960K, 3% used [0x00000000c0000000,0x00000000c0151ba8,0x00000000c2800000)
 Metaspace       used 5614K, capacity 6640K, committed 6784K, reserved 1056768K
  class space    used 594K, capacity 616K, committed 640K, reserved 1048576K
Event: 4,805 GC heap after
Heap after GC invocations=2 (full 0):
 PSYoungGen      total 33280K, used 2544K [0x00000000eab00000, 0x00000000ece00000, 0x0000000100000000)
  eden space 30720K, 0% used [0x00000000eab00000,0x00000000eab00000,0x00000000ec900000)
  from space 2560K, 99% used [0x00000000ecb80000,0x00000000ecdfc038,0x00000000ece00000)
  to   space 2560K, 0% used [0x00000000ec900000,0x00000000ec900000,0x00000000ecb80000)
 ParOldGen       total 40960K, used 3309K [0x00000000c0000000, 0x00000000c2800000, 0x00000000eab00000)
  object space 40960K, 8% used [0x00000000c0000000,0x00000000c033b440,0x00000000c2800000)
 Metaspace       used 5614K, capacity 6640K, committed 6784K, reserved 1056768K
  class space    used 594K, capacity 616K, committed 640K, reserved 1048576K
}
Event: 6,176 GC heap before
{Heap before GC invocations=3 (full 0):
 PSYoungGen      total 33280K, used 33264K [0x00000000eab00000, 0x00000000ece00000, 0x0000000100000000)
  eden space 30720K, 100% used [0x00000000eab00000,0x00000000ec900000,0x00000000ec900000)
  from space 2560K, 99% used [0x00000000ecb80000,0x00000000ecdfc038,0x00000000ece00000)
  to   space 2560K, 0% used [0x00000000ec900000,0x00000000ec900000,0x00000000ecb80000)
 ParOldGen       total 40960K, used 3309K [0x00000000c0000000, 0x00000000c2800000, 0x00000000eab00000)
  object space 40960K, 8% used [0x00000000c0000000,0x00000000c033b440,0x00000000c2800000)
 Metaspace       used 5800K, capacity 6832K, committed 7040K, reserved 1056768K
  class space    used 597K, capacity 616K, committed 640K, reserved 1048576K
Event: 6,262 GC heap after
Heap after GC invocations=3 (full 0):
 PSYoungGen      total 33280K, used 2551K [0x00000000eab00000, 0x00000000eec00000, 0x0000000100000000)
  eden space 30720K, 0% used [0x00000000eab00000,0x00000000eab00000,0x00000000ec900000)
  from space 2560K, 99% used [0x00000000ec900000,0x00000000ecb7df68,0x00000000ecb80000)
  to   space 2560K, 0% used [0x00000000ee980000,0x00000000ee980000,0x00000000eec00000)
 ParOldGen       total 40960K, used 7453K [0x00000000c0000000, 0x00000000c2800000, 0x00000000eab00000)
  object space 40960K, 18% used [0x00000000c0000000,0x00000000c07474f0,0x00000000c2800000)
 Metaspace       used 5800K, capacity 6832K, committed 7040K, reserved 1056768K
  class space    used 597K, capacity 616K, committed 640K, reserved 1048576K
}
Event: 7,080 GC heap before
{Heap before GC invocations=4 (full 0):
 PSYoungGen      total 33280K, used 33271K [0x00000000eab00000, 0x00000000eec00000, 0x0000000100000000)
  eden space 30720K, 100% used [0x00000000eab00000,0x00000000ec900000,0x00000000ec900000)
  from space 2560K, 99% used [0x00000000ec900000,0x00000000ecb7df68,0x00000000ecb80000)
  to   space 2560K, 0% used [0x00000000ee980000,0x00000000ee980000,0x00000000eec00000)
 ParOldGen       total 40960K, used 7453K [0x00000000c0000000, 0x00000000c2800000, 0x00000000eab00000)
  object space 40960K, 18% used [0x00000000c0000000,0x00000000c07474f0,0x00000000c2800000)
 Metaspace       used 5940K, capacity 6936K, committed 7168K, reserved 1056768K
  class space    used 618K, capacity 656K, committed 768K, reserved 1048576K
Event: 7,352 GC heap after
Heap after GC invocations=4 (full 0):
 PSYoungGen      total 64000K, used 2541K [0x00000000eab00000, 0x00000000eec00000, 0x0000000100000000)
  eden space 61440K, 0% used [0x00000000eab00000,0x00000000eab00000,0x00000000ee700000)
  from space 2560K, 99% used [0x00000000ee980000,0x00000000eebfb560,0x00000000eec00000)
  to   space 2560K, 0% used [0x00000000ee700000,0x00000000ee700000,0x00000000ee980000)
 ParOldGen       total 40960K, used 12869K [0x00000000c0000000, 0x00000000c2800000, 0x00000000eab00000)
  object space 40960K, 31% used [0x00000000c0000000,0x00000000c0c91740,0x00000000c2800000)
 Metaspace       used 5940K, capacity 6936K, committed 7168K, reserved 1056768K
  class space    used 618K, capacity 656K, committed 768K, reserved 1048576K
}
Event: 9,289 GC heap before
{Heap before GC invocations=5 (full 0):
 PSYoungGen      total 64000K, used 63981K [0x00000000eab00000, 0x00000000eec00000, 0x0000000100000000)
  eden space 61440K, 100% used [0x00000000eab00000,0x00000000ee700000,0x00000000ee700000)
  from space 2560K, 99% used [0x00000000ee980000,0x00000000eebfb560,0x00000000eec00000)
  to   space 2560K, 0% used [0x00000000ee700000,0x00000000ee700000,0x00000000ee980000)
 ParOldGen       total 40960K, used 12869K [0x00000000c0000000, 0x00000000c2800000, 0x00000000eab00000)
  object space 40960K, 31% used [0x00000000c0000000,0x00000000c0c91740,0x00000000c2800000)
 Metaspace       used 6006K, capacity 6936K, committed 7168K, reserved 1056768K
  class space    used 618K, capacity 656K, committed 768K, reserved 1048576K

Deoptimization events (3 events):
Event: 3,191 Thread 0x00007fa200140800 Uncommon trap: reason=unstable_if action=reinterpret pc=0x00007fa1f0baa598 method=java.util.HashMap.getNode(ILjava/lang/Object;)Ljava/util/HashMap$Node; @ 62
Event: 6,323 Thread 0x00007fa200137800 Uncommon trap: reason=unstable_if action=reinterpret pc=0x00007fa1f0c54990 method=java.util.HashMap.getNode(ILjava/lang/Object;)Ljava/util/HashMap$Node; @ 84
Event: 6,610 Thread 0x00007fa200140800 Uncommon trap: reason=null_check action=make_not_entrant pc=0x00007fa1f0c467e0 method=com.android.dx.ssa.SsaRenamer.getLocalForNewReg(I)Lcom/android/dx/rop/code/LocalItem; @ 19

Internal exceptions (6 events):
Event: 0,345 Thread 0x00007fa20000a000 Exception <a 'java/lang/NoSuchMethodError': Method sun.misc.Unsafe.defineClass(Ljava/lang/String;[BII)Ljava/lang/Class; name or signature does not match> (0x00000000eab07c78) thrown at [/HUDSON3/workspace/8-2-build-linux-amd64/jdk8u111/7883/hotspot/src/sh
Event: 0,345 Thread 0x00007fa20000a000 Exception <a 'java/lang/NoSuchMethodError': Method sun.misc.Unsafe.prefetchRead(Ljava/lang/Object;J)V name or signature does not match> (0x00000000eab07f60) thrown at [/HUDSON3/workspace/8-2-build-linux-amd64/jdk8u111/7883/hotspot/src/share/vm/prims/jni.c
Event: 6,320 Thread 0x00007fa200137800 Exception <a 'java/lang/ArrayIndexOutOfBoundsException': 18> (0x00000000eabe7360) thrown at [/HUDSON3/workspace/8-2-build-linux-amd64/jdk8u111/7883/hotspot/src/share/vm/interpreter/interpreterRuntime.cpp, line 366]
Event: 6,320 Thread 0x00007fa200137800 Exception <a 'java/lang/ArrayIndexOutOfBoundsException': 145> (0x00000000eabe8ee0) thrown at [/HUDSON3/workspace/8-2-build-linux-amd64/jdk8u111/7883/hotspot/src/share/vm/interpreter/interpreterRuntime.cpp, line 366]
Event: 6,322 Thread 0x00007fa200137800 Exception <a 'java/lang/ArrayIndexOutOfBoundsException': 40> (0x00000000eabea1c8) thrown at [/HUDSON3/workspace/8-2-build-linux-amd64/jdk8u111/7883/hotspot/src/share/vm/interpreter/interpreterRuntime.cpp, line 366]
Event: 6,610 Thread 0x00007fa200140800 Implicit null exception at 0x00007fa1f0c43c0b to 0x00007fa1f0c467b1

Events (10 events):
Event: 9,097 Thread 0x00007fa200143800 DEOPT UNPACKING pc=0x00007fa1f0a0e233 sp=0x00007fa1cfaf8b00 mode 0
Event: 9,202 Thread 0x00007fa200142800 DEOPT PACKING pc=0x00007fa1f0c949b2 sp=0x00007fa1cfbf9c80
Event: 9,202 Thread 0x00007fa200142800 DEOPT UNPACKING pc=0x00007fa1f0a0e233 sp=0x00007fa1cfbf9a80 mode 0
Event: 9,215 Thread 0x00007fa200142800 DEOPT PACKING pc=0x00007fa1f0bf7007 sp=0x00007fa1cfbf9c10
Event: 9,215 Thread 0x00007fa200142800 DEOPT UNPACKING pc=0x00007fa1f0a0e233 sp=0x00007fa1cfbf9978 mode 0
Event: 9,243 Thread 0x00007fa200142800 DEOPT PACKING pc=0x00007fa1f0ca50c8 sp=0x00007fa1cfbf9cf0
Event: 9,243 Thread 0x00007fa200142800 DEOPT UNPACKING pc=0x00007fa1f0a0e233 sp=0x00007fa1cfbf9a78 mode 0
Event: 9,258 Thread 0x00007fa20000a000 DEOPT PACKING pc=0x00007fa1f0c396ed sp=0x00007fa206a18670
Event: 9,258 Thread 0x00007fa20000a000 DEOPT UNPACKING pc=0x00007fa1f0a0e233 sp=0x00007fa206a183f8 mode 0
Event: 9,280 Executing VM operation: ParallelGCFailedAllocation


Dynamic libraries:
00400000-00401000 r-xp 00000000 08:12 539722                             /usr/lib/jvm/java-8-oracle/bin/java
00600000-00601000 rw-p 00000000 08:12 539722                             /usr/lib/jvm/java-8-oracle/bin/java
009bc000-009dd000 rw-p 00000000 00:00 0                                  [heap]
c0000000-c2800000 rw-p 00000000 00:00 0 
c2800000-eab00000 ---p 00000000 00:00 0 
eab00000-eec00000 rw-p 00000000 00:00 0 
f3b00000-100000000 ---p 00000000 00:00 0 
100000000-1000c0000 rw-p 00000000 00:00 0 
1000c0000-140000000 ---p 00000000 00:00 0 
7fa1ac000000-7fa1ac021000 rw-p 00000000 00:00 0 
7fa1ac021000-7fa1b0000000 ---p 00000000 00:00 0 
7fa1b4000000-7fa1b4021000 rw-p 00000000 00:00 0 
7fa1b4021000-7fa1b8000000 ---p 00000000 00:00 0 
7fa1b8000000-7fa1b802b000 rw-p 00000000 00:00 0 
7fa1b802b000-7fa1bc000000 ---p 00000000 00:00 0 
7fa1bc000000-7fa1bc021000 rw-p 00000000 00:00 0 
7fa1bc021000-7fa1c0000000 ---p 00000000 00:00 0 
7fa1c0000000-7fa1c004c000 rw-p 00000000 00:00 0 
7fa1c004c000-7fa1c4000000 ---p 00000000 00:00 0 
7fa1c4000000-7fa1c4021000 rw-p 00000000 00:00 0 
7fa1c4021000-7fa1c8000000 ---p 00000000 00:00 0 
7fa1c8000000-7fa1c8749000 rw-p 00000000 00:00 0 
7fa1c8749000-7fa1cc000000 ---p 00000000 00:00 0 
7fa1cf9fa000-7fa1cf9fd000 ---p 00000000 00:00 0 
7fa1cf9fd000-7fa1cfafb000 rw-p 00000000 00:00 0 
7fa1cfafb000-7fa1cfafe000 ---p 00000000 00:00 0 
7fa1cfafe000-7fa1cfbfc000 rw-p 00000000 00:00 0 
7fa1cfbfc000-7fa1cfbff000 ---p 00000000 00:00 0 
7fa1cfbff000-7fa1cfcfd000 rw-p 00000000 00:00 0 
7fa1cfcfd000-7fa1cfd00000 ---p 00000000 00:00 0 
7fa1cfd00000-7fa1cfdfe000 rw-p 00000000 00:00 0 
7fa1cfdfe000-7fa1cfe01000 ---p 00000000 00:00 0 
7fa1cfe01000-7fa1cfeff000 rw-p 00000000 00:00 0 
7fa1cfeff000-7fa1cff00000 ---p 00000000 00:00 0 
7fa1cff00000-7fa1d0000000 rw-p 00000000 00:00 0 
7fa1d0000000-7fa1d0021000 rw-p 00000000 00:00 0 
7fa1d0021000-7fa1d4000000 ---p 00000000 00:00 0 
7fa1d4000000-7fa1d4a66000 rw-p 00000000 00:00 0 
7fa1d4a66000-7fa1d8000000 ---p 00000000 00:00 0 
7fa1d8000000-7fa1d8021000 rw-p 00000000 00:00 0 
7fa1d8021000-7fa1dc000000 ---p 00000000 00:00 0 
7fa1dc000000-7fa1dc021000 rw-p 00000000 00:00 0 
7fa1dc021000-7fa1e0000000 ---p 00000000 00:00 0 
7fa1e0000000-7fa1e0021000 rw-p 00000000 00:00 0 
7fa1e0021000-7fa1e4000000 ---p 00000000 00:00 0 
7fa1e4000000-7fa1e4299000 rw-p 00000000 00:00 0 
7fa1e4299000-7fa1e8000000 ---p 00000000 00:00 0 
7fa1e8000000-7fa1e8021000 rw-p 00000000 00:00 0 
7fa1e8021000-7fa1ec000000 ---p 00000000 00:00 0 
7fa1ec011000-7fa1ec018000 r--s 00000000 08:12 799410                     /usr/lib/x86_64-linux-gnu/gconv/gconv-modules.cache
7fa1ec018000-7fa1ec047000 r--p 00000000 08:12 1314287                    /usr/share/locale-langpack/ru/LC_MESSAGES/libc.mo
7fa1ec047000-7fa1ec055000 r--s 000e0000 08:13 3017756                    /home/vitali/Android/Sdk/build-tools/25.0.1/lib/dx.jar
7fa1ec055000-7fa1ec058000 ---p 00000000 00:00 0 
7fa1ec058000-7fa1ec156000 rw-p 00000000 00:00 0 
7fa1ec156000-7fa1ec159000 ---p 00000000 00:00 0 
7fa1ec159000-7fa1ec257000 rw-p 00000000 00:00 0 
7fa1ec257000-7fa1ec25a000 ---p 00000000 00:00 0 
7fa1ec25a000-7fa1ec358000 rw-p 00000000 00:00 0 
7fa1ec358000-7fa1ec35b000 ---p 00000000 00:00 0 
7fa1ec35b000-7fa1ec459000 rw-p 00000000 00:00 0 
7fa1ec459000-7fa1ec8a9000 r--p 00000000 08:12 525067                     /usr/lib/locale/locale-archive
7fa1ec8a9000-7fa1ec8ac000 ---p 00000000 00:00 0 
7fa1ec8ac000-7fa1ec9aa000 rw-p 00000000 00:00 0 
7fa1ec9aa000-7fa1ec9ad000 ---p 00000000 00:00 0 
7fa1ec9ad000-7fa1ecaab000 rw-p 00000000 00:00 0 
7fa1ecaab000-7fa1ecaac000 ---p 00000000 00:00 0 
7fa1ecaac000-7fa1ed4d6000 rw-p 00000000 00:00 0 
7fa1ed4d6000-7fa1ed6ae000 r--s 03d2a000 08:12 539798                     /usr/lib/jvm/java-8-oracle/jre/lib/rt.jar
7fa1ed6ae000-7fa1edcee000 rw-p 00000000 00:00 0 
7fa1edcee000-7fa1edeae000 ---p 00000000 00:00 0 
7fa1edeae000-7fa1f00ae000 rw-p 00000000 00:00 0 
7fa1f00ae000-7fa1f00af000 ---p 00000000 00:00 0 
7fa1f00af000-7fa1f01af000 rw-p 00000000 00:00 0 
7fa1f01af000-7fa1f01b0000 ---p 00000000 00:00 0 
7fa1f01b0000-7fa1f02c4000 rw-p 00000000 00:00 0 
7fa1f02c4000-7fa1f0406000 ---p 00000000 00:00 0 
7fa1f0406000-7fa1f041a000 rw-p 00000000 00:00 0 
7fa1f041a000-7fa1f055b000 ---p 00000000 00:00 0 
7fa1f055b000-7fa1f057c000 rw-p 00000000 00:00 0 
7fa1f057c000-7fa1f0606000 ---p 00000000 00:00 0 
7fa1f0606000-7fa1f0619000 rw-p 00000000 00:00 0 
7fa1f0619000-7fa1f09c7000 ---p 00000000 00:00 0 
7fa1f09c7000-7fa1f0e37000 rwxp 00000000 00:00 0 
7fa1f0e37000-7fa1ff9c7000 ---p 00000000 00:00 0 
7fa1ff9c7000-7fa1ff9e1000 r-xp 00000000 08:12 539859                     /usr/lib/jvm/java-8-oracle/jre/lib/amd64/libzip.so
7fa1ff9e1000-7fa1ffbe1000 ---p 0001a000 08:12 539859                     /usr/lib/jvm/java-8-oracle/jre/lib/amd64/libzip.so
7fa1ffbe1000-7fa1ffbe2000 rw-p 0001a000 08:12 539859                     /usr/lib/jvm/java-8-oracle/jre/lib/amd64/libzip.so
7fa1ffbe2000-7fa1ffbed000 r-xp 00000000 08:12 915799                     /lib/x86_64-linux-gnu/libnss_files-2.23.so
7fa1ffbed000-7fa1ffdec000 ---p 0000b000 08:12 915799                     /lib/x86_64-linux-gnu/libnss_files-2.23.so
7fa1ffdec000-7fa1ffded000 r--p 0000a000 08:12 915799                     /lib/x86_64-linux-gnu/libnss_files-2.23.so
7fa1ffded000-7fa1ffdee000 rw-p 0000b000 08:12 915799                     /lib/x86_64-linux-gnu/libnss_files-2.23.so
7fa1ffdee000-7fa1ffdf4000 rw-p 00000000 00:00 0 
7fa1ffdf4000-7fa1ffdff000 r-xp 00000000 08:12 915796                     /lib/x86_64-linux-gnu/libnss_nis-2.23.so
7fa1ffdff000-7fa1ffffe000 ---p 0000b000 08:12 915796                     /lib/x86_64-linux-gnu/libnss_nis-2.23.so
7fa1ffffe000-7fa1fffff000 r--p 0000a000 08:12 915796                     /lib/x86_64-linux-gnu/libnss_nis-2.23.so
7fa1fffff000-7fa200000000 rw-p 0000b000 08:12 915796                     /lib/x86_64-linux-gnu/libnss_nis-2.23.so
7fa200000000-7fa2003a0000 rw-p 00000000 00:00 0 
7fa2003a0000-7fa204000000 ---p 00000000 00:00 0 
7fa204004000-7fa204009000 r--s 0004d000 08:13 2645208                    /home/vitali/AndroidStudioProjects/Onanote/app/build/intermediates/exploded-aar/com.android.support/recyclerview-v7/25.0.1/jars/classes.jar
7fa204009000-7fa2040c1000 rw-p 00000000 00:00 0 
7fa2040c1000-7fa2040d7000 r-xp 00000000 08:12 915737                     /lib/x86_64-linux-gnu/libnsl-2.23.so
7fa2040d7000-7fa2042d6000 ---p 00016000 08:12 915737                     /lib/x86_64-linux-gnu/libnsl-2.23.so
7fa2042d6000-7fa2042d7000 r--p 00015000 08:12 915737                     /lib/x86_64-linux-gnu/libnsl-2.23.so
7fa2042d7000-7fa2042d8000 rw-p 00016000 08:12 915737                     /lib/x86_64-linux-gnu/libnsl-2.23.so
7fa2042d8000-7fa2042da000 rw-p 00000000 00:00 0 
7fa2042da000-7fa2042e2000 r-xp 00000000 08:12 915726                     /lib/x86_64-linux-gnu/libnss_compat-2.23.so
7fa2042e2000-7fa2044e1000 ---p 00008000 08:12 915726                     /lib/x86_64-linux-gnu/libnss_compat-2.23.so
7fa2044e1000-7fa2044e2000 r--p 00007000 08:12 915726                     /lib/x86_64-linux-gnu/libnss_compat-2.23.so
7fa2044e2000-7fa2044e3000 rw-p 00008000 08:12 915726                     /lib/x86_64-linux-gnu/libnss_compat-2.23.so
7fa2044e3000-7fa20450e000 r-xp 00000000 08:12 539886                     /usr/lib/jvm/java-8-oracle/jre/lib/amd64/libjava.so
7fa20450e000-7fa20470d000 ---p 0002b000 08:12 539886                     /usr/lib/jvm/java-8-oracle/jre/lib/amd64/libjava.so
7fa20470d000-7fa20470f000 rw-p 0002a000 08:12 539886                     /usr/lib/jvm/java-8-oracle/jre/lib/amd64/libjava.so
7fa20470f000-7fa20471c000 r-xp 00000000 08:12 539837                     /usr/lib/jvm/java-8-oracle/jre/lib/amd64/libverify.so
7fa20471c000-7fa20491b000 ---p 0000d000 08:12 539837                     /usr/lib/jvm/java-8-oracle/jre/lib/amd64/libverify.so
7fa20491b000-7fa20491d000 rw-p 0000c000 08:12 539837                     /usr/lib/jvm/java-8-oracle/jre/lib/amd64/libverify.so
7fa20491d000-7fa204924000 r-xp 00000000 08:12 915808                     /lib/x86_64-linux-gnu/librt-2.23.so
7fa204924000-7fa204b23000 ---p 00007000 08:12 915808                     /lib/x86_64-linux-gnu/librt-2.23.so
7fa204b23000-7fa204b24000 r--p 00006000 08:12 915808                     /lib/x86_64-linux-gnu/librt-2.23.so
7fa204b24000-7fa204b25000 rw-p 00007000 08:12 915808                     /lib/x86_64-linux-gnu/librt-2.23.so
7fa204b25000-7fa204c2d000 r-xp 00000000 08:12 915805                     /lib/x86_64-linux-gnu/libm-2.23.so
7fa204c2d000-7fa204e2c000 ---p 00108000 08:12 915805                     /lib/x86_64-linux-gnu/libm-2.23.so
7fa204e2c000-7fa204e2d000 r--p 00107000 08:12 915805                     /lib/x86_64-linux-gnu/libm-2.23.so
7fa204e2d000-7fa204e2e000 rw-p 00108000 08:12 915805                     /lib/x86_64-linux-gnu/libm-2.23.so
7fa204e2e000-7fa205afb000 r-xp 00000000 08:12 539890                     /usr/lib/jvm/java-8-oracle/jre/lib/amd64/server/libjvm.so
7fa205afb000-7fa205cfa000 ---p 00ccd000 08:12 539890                     /usr/lib/jvm/java-8-oracle/jre/lib/amd64/server/libjvm.so
7fa205cfa000-7fa205dd3000 rw-p 00ccc000 08:12 539890                     /usr/lib/jvm/java-8-oracle/jre/lib/amd64/server/libjvm.so
7fa205dd3000-7fa205e1e000 rw-p 00000000 00:00 0 
7fa205e1e000-7fa205fdd000 r-xp 00000000 08:12 920439                     /lib/x86_64-linux-gnu/libc-2.23.so
7fa205fdd000-7fa2061dd000 ---p 001bf000 08:12 920439                     /lib/x86_64-linux-gnu/libc-2.23.so
7fa2061dd000-7fa2061e1000 r--p 001bf000 08:12 920439                     /lib/x86_64-linux-gnu/libc-2.23.so
7fa2061e1000-7fa2061e3000 rw-p 001c3000 08:12 920439                     /lib/x86_64-linux-gnu/libc-2.23.so
7fa2061e3000-7fa2061e7000 rw-p 00000000 00:00 0 
7fa2061e7000-7fa2061ea000 r-xp 00000000 08:12 920440                     /lib/x86_64-linux-gnu/libdl-2.23.so
7fa2061ea000-7fa2063e9000 ---p 00003000 08:12 920440                     /lib/x86_64-linux-gnu/libdl-2.23.so
7fa2063e9000-7fa2063ea000 r--p 00002000 08:12 920440                     /lib/x86_64-linux-gnu/libdl-2.23.so
7fa2063ea000-7fa2063eb000 rw-p 00003000 08:12 920440                     /lib/x86_64-linux-gnu/libdl-2.23.so
7fa2063eb000-7fa206400000 r-xp 00000000 08:12 538941                     /usr/lib/jvm/java-8-oracle/lib/amd64/jli/libjli.so
7fa206400000-7fa206600000 ---p 00015000 08:12 538941                     /usr/lib/jvm/java-8-oracle/lib/amd64/jli/libjli.so
7fa206600000-7fa206601000 rw-p 00015000 08:12 538941                     /usr/lib/jvm/java-8-oracle/lib/amd64/jli/libjli.so
7fa206601000-7fa206619000 r-xp 00000000 08:12 920438                     /lib/x86_64-linux-gnu/libpthread-2.23.so
7fa206619000-7fa206818000 ---p 00018000 08:12 920438                     /lib/x86_64-linux-gnu/libpthread-2.23.so
7fa206818000-7fa206819000 r--p 00017000 08:12 920438                     /lib/x86_64-linux-gnu/libpthread-2.23.so
7fa206819000-7fa20681a000 rw-p 00018000 08:12 920438                     /lib/x86_64-linux-gnu/libpthread-2.23.so
7fa20681a000-7fa20681e000 rw-p 00000000 00:00 0 
7fa20681e000-7fa206844000 r-xp 00000000 08:12 915809                     /lib/x86_64-linux-gnu/ld-2.23.so
7fa206848000-7fa20691a000 rw-p 00000000 00:00 0 
7fa20691a000-7fa20691d000 ---p 00000000 00:00 0 
7fa20691d000-7fa206a1f000 rw-p 00000000 00:00 0 
7fa206a23000-7fa206a37000 rw-p 00000000 00:00 0 
7fa206a37000-7fa206a3f000 rw-s 00000000 08:12 1444063                    /tmp/hsperfdata_vitali/10619
7fa206a3f000-7fa206a40000 rw-p 00000000 00:00 0 
7fa206a40000-7fa206a41000 ---p 00000000 00:00 0 
7fa206a41000-7fa206a43000 rw-p 00000000 00:00 0 
7fa206a43000-7fa206a44000 r--p 00025000 08:12 915809                     /lib/x86_64-linux-gnu/ld-2.23.so
7fa206a44000-7fa206a45000 rw-p 00026000 08:12 915809                     /lib/x86_64-linux-gnu/ld-2.23.so
7fa206a45000-7fa206a46000 rw-p 00000000 00:00 0 
7ffd395a3000-7ffd395c4000 rw-p 00000000 00:00 0                          [stack]
7ffd395f5000-7ffd395f7000 r--p 00000000 00:00 0                          [vvar]
7ffd395f7000-7ffd395f9000 r-xp 00000000 00:00 0                          [vdso]
ffffffffff600000-ffffffffff601000 r-xp 00000000 00:00 0                  [vsyscall]

VM Arguments:
jvm_args: -Djava.awt.headless=true -Xmx1024M -Dfile.encoding=UTF-8 -Duser.country=RU -Duser.language=ru -Duser.variant 
java_command: com.android.dx.command.Main --dex --force-jumbo --num-threads=4 --multi-dex --output /home/vitali/AndroidStudioProjects/Onanote/app/build/intermediates/transforms/dex/debug/folders/1000/10/com.android.support-recyclerview-v7-25.0.1_a7d3a5f148e7b2c8051547ef53e1a515572f9a2b /home/vitali/AndroidStudioProjects/Onanote/app/build/intermediates/exploded-aar/com.android.support/recyclerview-v7/25.0.1/jars/classes.jar
java_class_path (initial): /home/vitali/Android/Sdk/build-tools/25.0.1/lib/dx.jar
Launcher Type: SUN_STANDARD

Environment Variables:
JAVA_HOME=/usr/lib/jvm/java-8-oracle
PATH=/home/vitali/bin:/home/vitali/.local/bin:/usr/local/sbin:/usr/local/bin:/usr/sbin:/usr/bin:/sbin:/bin:/usr/games:/usr/local/games:/snap/bin:/usr/lib/jvm/java-8-oracle/bin:/usr/lib/jvm/java-8-oracle/db/bin:/usr/lib/jvm/java-8-oracle/jre/bin
LD_LIBRARY_PATH=/opt/android-studio/bin:
SHELL=/bin/bash
DISPLAY=:0

Signal Handlers:
SIGSEGV: [libjvm.so+0xac64b0], sa_mask[0]=11111111011111111101111111111110, sa_flags=SA_RESTART|SA_SIGINFO
SIGBUS: [libjvm.so+0xac64b0], sa_mask[0]=11111111011111111101111111111110, sa_flags=SA_RESTART|SA_SIGINFO
SIGFPE: [libjvm.so+0x91f950], sa_mask[0]=11111111011111111101111111111110, sa_flags=SA_RESTART|SA_SIGINFO
SIGPIPE: [libjvm.so+0x91f950], sa_mask[0]=11111111011111111101111111111110, sa_flags=SA_RESTART|SA_SIGINFO
SIGXFSZ: [libjvm.so+0x91f950], sa_mask[0]=11111111011111111101111111111110, sa_flags=SA_RESTART|SA_SIGINFO
SIGILL: [libjvm.so+0x91f950], sa_mask[0]=11111111011111111101111111111110, sa_flags=SA_RESTART|SA_SIGINFO
SIGUSR1: SIG_DFL, sa_mask[0]=00000000000000000000000000000000, sa_flags=none
SIGUSR2: [libjvm.so+0x920f80], sa_mask[0]=00100000000000000000000000000000, sa_flags=SA_RESTART|SA_SIGINFO
SIGHUP: [libjvm.so+0x922380], sa_mask[0]=11111111011111111101111111111110, sa_flags=SA_RESTART|SA_SIGINFO
SIGINT: [libjvm.so+0x922380], sa_mask[0]=11111111011111111101111111111110, sa_flags=SA_RESTART|SA_SIGINFO
SIGTERM: [libjvm.so+0x922380], sa_mask[0]=11111111011111111101111111111110, sa_flags=SA_RESTART|SA_SIGINFO
SIGQUIT: [libjvm.so+0x922380], sa_mask[0]=11111111011111111101111111111110, sa_flags=SA_RESTART|SA_SIGINFO


---------------  S Y S T E M  ---------------

OS:DISTRIB_ID=Ubuntu
DISTRIB_RELEASE=16.04
DISTRIB_CODENAME=xenial
DISTRIB_DESCRIPTION="Ubuntu 16.04.1 LTS"

uname:Linux 4.4.0-57-generic #78-Ubuntu SMP Fri Dec 9 23:50:32 UTC 2016 x86_64
libc:glibc 2.23 NPTL 2.23 
rlimit: STACK 8192k, CORE 0k, NPROC 14999, NOFILE 65536, AS infinity
load average:10,57 4,64 3,51

/proc/meminfo:
MemTotal:        3880184 kB
MemFree:          104016 kB
MemAvailable:      29908 kB
Buffers:             956 kB
Cached:           340424 kB
SwapCached:         4540 kB
Active:          2749704 kB
Inactive:         755900 kB
Active(anon):    2718240 kB
Inactive(anon):   740672 kB
Active(file):      31464 kB
Inactive(file):    15228 kB
Unevictable:         440 kB
Mlocked:             440 kB
SwapTotal:       3998716 kB
SwapFree:             16 kB
Dirty:              1084 kB
Writeback:             0 kB
AnonPages:       3162832 kB
Mapped:           122612 kB
Shmem:            294472 kB
Slab:             101784 kB
SReclaimable:      47328 kB
SUnreclaim:        54456 kB
KernelStack:       14368 kB
PageTables:        99104 kB
NFS_Unstable:          0 kB
Bounce:                0 kB
WritebackTmp:          0 kB
CommitLimit:     5938808 kB
Committed_AS:   14474400 kB
VmallocTotal:   34359738367 kB
VmallocUsed:           0 kB
VmallocChunk:          0 kB
HardwareCorrupted:     0 kB
AnonHugePages:    688128 kB
CmaTotal:              0 kB
CmaFree:               0 kB
HugePages_Total:       0
HugePages_Free:        0
HugePages_Rsvd:        0
HugePages_Surp:        0
Hugepagesize:       2048 kB
DirectMap4k:      267008 kB
DirectMap2M:     3760128 kB


CPU:total 2 (2 cores per cpu, 1 threads per core) family 6 model 42 stepping 7, cmov, cx8, fxsr, mmx, sse, sse2, sse3, ssse3, sse4.1, sse4.2, popcnt, clmul, tsc, tscinvbit

/proc/cpuinfo:
processor	: 0
vendor_id	: GenuineIntel
cpu family	: 6
model		: 42
model name	: Intel(R) Celeron(R) CPU B830 @ 1.80GHz
stepping	: 7
microcode	: 0x29
cpu MHz		: 1800.000
cache size	: 2048 KB
physical id	: 0
siblings	: 2
core id		: 0
cpu cores	: 2
apicid		: 0
initial apicid	: 0
fpu		: yes
fpu_exception	: yes
cpuid level	: 13
wp		: yes
flags		: fpu vme de pse tsc msr pae mce cx8 apic sep mtrr pge mca cmov pat pse36 clflush dts acpi mmx fxsr sse sse2 ss ht tm pbe syscall nx rdtscp lm constant_tsc arch_perfmon pebs bts rep_good nopl xtopology nonstop_tsc aperfmperf eagerfpu pni pclmulqdq dtes64 monitor ds_cpl vmx est tm2 ssse3 cx16 xtpr pdcm pcid sse4_1 sse4_2 x2apic popcnt tsc_deadline_timer xsave lahf_lm epb tpr_shadow vnmi flexpriority ept vpid xsaveopt dtherm arat pln pts
bugs		:
bogomips	: 3591.83
clflush size	: 64
cache_alignment	: 64
address sizes	: 36 bits physical, 48 bits virtual
power management:

processor	: 1
vendor_id	: GenuineIntel
cpu family	: 6
model		: 42
model name	: Intel(R) Celeron(R) CPU B830 @ 1.80GHz
stepping	: 7
microcode	: 0x29
cpu MHz		: 1799.929
cache size	: 2048 KB
physical id	: 0
siblings	: 2
core id		: 1
cpu cores	: 2
apicid		: 2
initial apicid	: 2
fpu		: yes
fpu_exception	: yes
cpuid level	: 13
wp		: yes
flags		: fpu vme de pse tsc msr pae mce cx8 apic sep mtrr pge mca cmov pat pse36 clflush dts acpi mmx fxsr sse sse2 ss ht tm pbe syscall nx rdtscp lm constant_tsc arch_perfmon pebs bts rep_good nopl xtopology nonstop_tsc aperfmperf eagerfpu pni pclmulqdq dtes64 monitor ds_cpl vmx est tm2 ssse3 cx16 xtpr pdcm pcid sse4_1 sse4_2 x2apic popcnt tsc_deadline_timer xsave lahf_lm epb tpr_shadow vnmi flexpriority ept vpid xsaveopt dtherm arat pln pts
bugs		:
bogomips	: 3591.83
clflush size	: 64
cache_alignment	: 64
address sizes	: 36 bits physical, 48 bits virtual
power management:



Memory: 4k page, physical 3880184k(104016k free), swap 3998716k(36k free)

vm_info: Java HotSpot(TM) 64-Bit Server VM (25.111-b14) for linux-amd64 JRE (1.8.0_111-b14), built on Sep 22 2016 16:14:03 by "java_re" with gcc 4.3.0 20080428 (Red Hat 4.3.0-8)

time: Sun Jan  8 18:36:10 2017
elapsed time: 9 seconds (0d 0h 0m 9s)

